<?xml version="1.0" encoding="UTF-8"?>
<!-- Generated by org.testng.reporters.JUnitXMLReporter -->
<testsuite hostname="BDC8-DX-403KX52" ignored="0" name="Default test" tests="11" failures="0" timestamp="18 May 2017 08:22:56 GMT" time="0.313" errors="0">
  <testcase name="@BeforeClass setUp" time="0.234" classname="common.utils.CreateDrivers">
    <failure type="java.lang.RuntimeException" message="Unable to find adapter with ID: SeleniumAdapter">
      <![CDATA[java.lang.RuntimeException: Unable to find adapter with ID: SeleniumAdapter
	at com.accenture.omnichannelframework.api.Adapters.getInstanceFromAdapter(Adapters.java:61)
	at com.accenture.omnichannelframework.api.OmnichannelFramework.getInstanceFromAdapter(OmnichannelFramework.java:80)
	at common.utils.CreateDrivers.setUp(CreateDrivers.java:28)
	at sun.reflect.NativeMethodAccessorImpl.invoke0(Native Method)
	at sun.reflect.NativeMethodAccessorImpl.invoke(Unknown Source)
	at sun.reflect.DelegatingMethodAccessorImpl.invoke(Unknown Source)
	at java.lang.reflect.Method.invoke(Unknown Source)
	at org.testng.internal.MethodInvocationHelper.invokeMethod(MethodInvocationHelper.java:108)
	at org.testng.internal.Invoker.invokeConfigurationMethod(Invoker.java:523)
	at org.testng.internal.Invoker.invokeConfigurations(Invoker.java:224)
	at org.testng.internal.Invoker.invokeConfigurations(Invoker.java:146)
	at org.testng.internal.TestMethodWorker.invokeBeforeClassMethods(TestMethodWorker.java:166)
	at org.testng.internal.TestMethodWorker.run(TestMethodWorker.java:105)
	at org.testng.TestRunner.privateRun(TestRunner.java:744)
	at org.testng.TestRunner.run(TestRunner.java:602)
	at org.testng.SuiteRunner.runTest(SuiteRunner.java:380)
	at org.testng.SuiteRunner.runSequentially(SuiteRunner.java:375)
	at org.testng.SuiteRunner.privateRun(SuiteRunner.java:340)
	at org.testng.SuiteRunner.run(SuiteRunner.java:289)
	at org.testng.SuiteRunnerWorker.runSuite(SuiteRunnerWorker.java:52)
	at org.testng.SuiteRunnerWorker.run(SuiteRunnerWorker.java:86)
	at org.testng.TestNG.runSuitesSequentially(TestNG.java:1301)
	at org.testng.TestNG.runSuitesLocally(TestNG.java:1226)
	at org.testng.TestNG.runSuites(TestNG.java:1144)
	at org.testng.TestNG.run(TestNG.java:1115)
	at org.testng.remote.AbstractRemoteTestNG.run(AbstractRemoteTestNG.java:132)
	at org.testng.remote.RemoteTestNG.initAndRun(RemoteTestNG.java:230)
	at org.testng.remote.RemoteTestNG.main(RemoteTestNG.java:76)
]]>
    </failure>
  </testcase> <!-- @BeforeClass setUp -->
  <testcase name="Import" time="0.0" classname="Web.loginveeva">
    <skipped/>
  </testcase> <!-- Import -->
  <testcase name="View_08" time="0.0" classname="Web.loginveeva">
    <skipped/>
  </testcase> <!-- View_08 -->
  <testcase name="View_16" time="0.0" classname="Web.loginveeva">
    <skipped/>
  </testcase> <!-- View_16 -->
  <testcase name="createApplication_submission" time="0.0" classname="Web.loginveeva">
    <skipped/>
  </testcase> <!-- createApplication_submission -->
  <testcase name="launch" time="0.0" classname="Web.loginveeva">
    <skipped/>
  </testcase> <!-- launch -->
  <testcase name="login" time="0.0" classname="Web.loginveeva">
    <skipped/>
  </testcase> <!-- login -->
  <testcase name="reports" time="0.0" classname="Web.loginveeva">
    <skipped/>
  </testcase> <!-- reports -->
  <testcase name="search" time="0.0" classname="Web.loginveeva">
    <skipped/>
  </testcase> <!-- search -->
  <testcase name="submissions" time="0.0" classname="Web.loginveeva">
    <skipped/>
  </testcase> <!-- submissions -->
  <testcase name="upload" time="0.0" classname="Web.loginveeva">
    <skipped/>
  </testcase> <!-- upload -->
  <testcase name="validation" time="0.0" classname="Web.loginveeva">
    <skipped/>
  </testcase> <!-- validation -->
</testsuite> <!-- Default test -->
